<?xml version="1.0" encoding="UTF-8"?>
<testng-results ignored="0" total="6" passed="6" failed="0" skipped="0">
  <reporter-output>
  </reporter-output>
  <suite started-at="2022-05-06T19:36:09 IST" name="Default suite" finished-at="2022-05-06T19:36:58 IST" duration-ms="49009">
    <groups>
    </groups>
    <test started-at="2022-05-06T19:36:09 IST" name="Default test" finished-at="2022-05-06T19:36:58 IST" duration-ms="49009">
      <class name="com.TCs.TC003">
        <test-method is-config="true" signature="reachElementsMenu()[pri:0, instance:com.TCs.TC003@791f145a]" started-at="2022-05-06T19:36:09 IST" name="reachElementsMenu" finished-at="2022-05-06T19:36:26 IST" duration-ms="17563" status="PASS">
          <reporter-output>
          </reporter-output>
        </test-method> <!-- reachElementsMenu -->
        <test-method signature="verifyRadioBtns()[pri:1, instance:com.TCs.TC003@791f145a]" started-at="2022-05-06T19:36:26 IST" name="verifyRadioBtns" finished-at="2022-05-06T19:36:32 IST" duration-ms="5582" status="PASS">
          <reporter-output>
          </reporter-output>
        </test-method> <!-- verifyRadioBtns -->
        <test-method is-config="true" signature="reload()[pri:0, instance:com.TCs.TC003@791f145a]" started-at="2022-05-06T19:36:32 IST" name="reload" finished-at="2022-05-06T19:36:32 IST" duration-ms="21" status="PASS">
          <reporter-output>
          </reporter-output>
        </test-method> <!-- reload -->
        <test-method signature="verifyLinks()[pri:2, instance:com.TCs.TC003@791f145a]" started-at="2022-05-06T19:36:32 IST" name="verifyLinks" finished-at="2022-05-06T19:36:36 IST" duration-ms="4372" status="PASS">
          <reporter-output>
          </reporter-output>
        </test-method> <!-- verifyLinks -->
        <test-method is-config="true" signature="reload()[pri:0, instance:com.TCs.TC003@791f145a]" started-at="2022-05-06T19:36:36 IST" name="reload" finished-at="2022-05-06T19:36:37 IST" duration-ms="889" status="PASS">
          <reporter-output>
          </reporter-output>
        </test-method> <!-- reload -->
        <test-method signature="verifyButtons()[pri:3, instance:com.TCs.TC003@791f145a]" started-at="2022-05-06T19:36:37 IST" name="verifyButtons" finished-at="2022-05-06T19:36:39 IST" duration-ms="1969" status="PASS">
          <reporter-output>
          </reporter-output>
        </test-method> <!-- verifyButtons -->
        <test-method is-config="true" signature="reload()[pri:0, instance:com.TCs.TC003@791f145a]" started-at="2022-05-06T19:36:39 IST" name="reload" finished-at="2022-05-06T19:36:40 IST" duration-ms="765" status="PASS">
          <reporter-output>
          </reporter-output>
        </test-method> <!-- reload -->
        <test-method signature="verifytable()[pri:4, instance:com.TCs.TC003@791f145a]" started-at="2022-05-06T19:36:40 IST" name="verifytable" finished-at="2022-05-06T19:36:47 IST" duration-ms="7403" status="PASS">
          <reporter-output>
          </reporter-output>
        </test-method> <!-- verifytable -->
        <test-method is-config="true" signature="reload()[pri:0, instance:com.TCs.TC003@791f145a]" started-at="2022-05-06T19:36:47 IST" name="reload" finished-at="2022-05-06T19:36:48 IST" duration-ms="827" status="PASS">
          <reporter-output>
          </reporter-output>
        </test-method> <!-- reload -->
        <test-method signature="AddDataInTable(java.lang.String,java.lang.String,java.lang.String,java.lang.String,java.lang.String,java.lang.String)[pri:5, instance:com.TCs.TC003@791f145a]" started-at="2022-05-06T19:36:49 IST" name="AddDataInTable" data-provider="data-provider" finished-at="2022-05-06T19:36:53 IST" duration-ms="3145" status="PASS">
          <params>
            <param index="0">
              <value>
                <![CDATA[Sundar]]>
              </value>
            </param>
            <param index="1">
              <value>
                <![CDATA[V]]>
              </value>
            </param>
            <param index="2">
              <value>
                <![CDATA[29]]>
              </value>
            </param>
            <param index="3">
              <value>
                <![CDATA[sundar@abc.co]]>
              </value>
            </param>
            <param index="4">
              <value>
                <![CDATA[30000]]>
              </value>
            </param>
            <param index="5">
              <value>
                <![CDATA[QA]]>
              </value>
            </param>
          </params>
          <reporter-output>
          </reporter-output>
        </test-method> <!-- AddDataInTable -->
        <test-method signature="AddDataInTable(java.lang.String,java.lang.String,java.lang.String,java.lang.String,java.lang.String,java.lang.String)[pri:5, instance:com.TCs.TC003@791f145a]" started-at="2022-05-06T19:36:53 IST" name="AddDataInTable" data-provider="data-provider" finished-at="2022-05-06T19:36:55 IST" duration-ms="2910" status="PASS">
          <params>
            <param index="0">
              <value>
                <![CDATA[Ajithra]]>
              </value>
            </param>
            <param index="1">
              <value>
                <![CDATA[G]]>
              </value>
            </param>
            <param index="2">
              <value>
                <![CDATA[29]]>
              </value>
            </param>
            <param index="3">
              <value>
                <![CDATA[aju@abc.co]]>
              </value>
            </param>
            <param index="4">
              <value>
                <![CDATA[35000]]>
              </value>
            </param>
            <param index="5">
              <value>
                <![CDATA[QA]]>
              </value>
            </param>
          </params>
          <reporter-output>
          </reporter-output>
        </test-method> <!-- AddDataInTable -->
        <test-method is-config="true" signature="reload()[pri:0, instance:com.TCs.TC003@791f145a]" started-at="2022-05-06T19:36:55 IST" name="reload" finished-at="2022-05-06T19:36:56 IST" duration-ms="743" status="PASS">
          <reporter-output>
          </reporter-output>
        </test-method> <!-- reload -->
        <test-method is-config="true" signature="tearDown()[pri:0, instance:com.TCs.TC003@791f145a]" started-at="2022-05-06T19:36:56 IST" name="tearDown" finished-at="2022-05-06T19:36:58 IST" duration-ms="1685" status="PASS">
          <reporter-output>
          </reporter-output>
        </test-method> <!-- tearDown -->
      </class> <!-- com.TCs.TC003 -->
    </test> <!-- Default test -->
  </suite> <!-- Default suite -->
</testng-results>
