<?xml version="1.0" encoding="UTF-8"?>
<testng-results ignored="0" total="1" passed="1" failed="0" skipped="0">
  <reporter-output>
  </reporter-output>
  <suite started-at="2022-05-17T20:07:24 IST" name="Default suite" finished-at="2022-05-17T20:07:55 IST" duration-ms="31026">
    <groups>
    </groups>
    <test started-at="2022-05-17T20:07:24 IST" name="Default test" finished-at="2022-05-17T20:07:55 IST" duration-ms="31026">
      <class name="com.TCs.TC004">
        <test-method is-config="true" signature="reachElementsMenu()[pri:0, instance:com.TCs.TC004@a38c7fe]" started-at="2022-05-17T20:07:24 IST" name="reachElementsMenu" finished-at="2022-05-17T20:07:37 IST" duration-ms="13295" status="PASS">
          <reporter-output>
          </reporter-output>
        </test-method> <!-- reachElementsMenu -->
        <test-method signature="verifyCheckBox()[pri:0, instance:com.TCs.TC004@a38c7fe]" started-at="2022-05-17T20:07:37 IST" name="verifyCheckBox" finished-at="2022-05-17T20:07:53 IST" duration-ms="15521" status="PASS">
          <reporter-output>
          </reporter-output>
        </test-method> <!-- verifyCheckBox -->
        <test-method is-config="true" signature="reload()[pri:0, instance:com.TCs.TC004@a38c7fe]" started-at="2022-05-17T20:07:53 IST" name="reload" finished-at="2022-05-17T20:07:54 IST" duration-ms="740" status="PASS">
          <reporter-output>
          </reporter-output>
        </test-method> <!-- reload -->
        <test-method is-config="true" signature="tearDown()[pri:0, instance:com.TCs.TC004@a38c7fe]" started-at="2022-05-17T20:07:54 IST" name="tearDown" finished-at="2022-05-17T20:07:55 IST" duration-ms="1431" status="PASS">
          <reporter-output>
          </reporter-output>
        </test-method> <!-- tearDown -->
      </class> <!-- com.TCs.TC004 -->
    </test> <!-- Default test -->
  </suite> <!-- Default suite -->
</testng-results>
