<?xml version="1.0" encoding="UTF-8"?>
<!-- Generated by org.testng.reporters.JUnitXMLReporter -->
<testsuite ignored="3" hostname="LTIN318920" failures="0" tests="3" name="Default test" time="31.991" errors="0" timestamp="2022-05-10T19:30:57 IST">
  <testcase classname="com.TCs.TC003" name="verifytable" time="7.403"/>
  <testcase classname="com.TCs.TC003" name="AddDataInTable" time="2.609"/>
  <testcase classname="com.TCs.TC003" name="AddDataInTable" time="2.568"/>
  <testcase classname="com.TCs.TC003" name="verifyButtons" time="0.0">
    <ignored/>
  </testcase> <!-- verifyButtons -->
  <testcase classname="com.TCs.TC003" name="verifyRadioBtns" time="0.0">
    <ignored/>
  </testcase> <!-- verifyRadioBtns -->
  <testcase classname="com.TCs.TC003" name="verifyLinks" time="0.0">
    <ignored/>
  </testcase> <!-- verifyLinks -->
</testsuite> <!-- Default test -->
