<?xml version="1.0" encoding="UTF-8"?>
<!-- Generated by org.testng.reporters.JUnitXMLReporter -->
<testsuite ignored="0" hostname="LTIN318920" failures="0" tests="3" name="Default test" time="54.881" errors="0" timestamp="2022-05-02T18:39:30 IST">
  <testcase classname="com.TCs.TC003" name="verifyRadioBtns" time="21.595"/>
  <testcase classname="com.TCs.TC003" name="verifyLinks" time="4.463"/>
  <testcase classname="com.TCs.TC003" name="verifyButtons" time="2.049"/>
</testsuite> <!-- Default test -->
